<?xml version="1.0" encoding="UTF-8"?>
<testsuite xmlns:xsi="http://www.w3.org/2001/XMLSchema-instance" xsi:noNamespaceSchemaLocation="https://maven.apache.org/surefire/maven-surefire-plugin/xsd/surefire-test-report.xsd" version="3.0.2" name="com.user.UsuarioApplicationTests" time="9.786" tests="1" errors="0" skipped="0" failures="0">
  <properties>
    <property name="java.specification.version" value="17"/>
    <property name="sun.cpu.isalist" value="amd64"/>
    <property name="sun.jnu.encoding" value="Cp1252"/>
    <property name="java.class.path" value="C:\Users\Acer\Desktop\Prog\api 2\microservicios\usuario\target\test-classes;C:\Users\Acer\Desktop\Prog\api 2\microservicios\usuario\target\classes;C:\Users\Acer\.m2\repository\org\springframework\boot\spring-boot-starter-actuator\3.4.8\spring-boot-starter-actuator-3.4.8.jar;C:\Users\Acer\.m2\repository\org\springframework\boot\spring-boot-starter\3.4.8\spring-boot-starter-3.4.8.jar;C:\Users\Acer\.m2\repository\org\springframework\boot\spring-boot-starter-logging\3.4.8\spring-boot-starter-logging-3.4.8.jar;C:\Users\Acer\.m2\repository\ch\qos\logback\logback-classic\1.5.18\logback-classic-1.5.18.jar;C:\Users\Acer\.m2\repository\ch\qos\logback\logback-core\1.5.18\logback-core-1.5.18.jar;C:\Users\Acer\.m2\repository\org\apache\logging\log4j\log4j-to-slf4j\2.24.3\log4j-to-slf4j-2.24.3.jar;C:\Users\Acer\.m2\repository\org\apache\logging\log4j\log4j-api\2.24.3\log4j-api-2.24.3.jar;C:\Users\Acer\.m2\repository\org\slf4j\jul-to-slf4j\2.0.17\jul-to-slf4j-2.0.17.jar;C:\Users\Acer\.m2\repository\jakarta\annotation\jakarta.annotation-api\2.1.1\jakarta.annotation-api-2.1.1.jar;C:\Users\Acer\.m2\repository\org\yaml\snakeyaml\2.3\snakeyaml-2.3.jar;C:\Users\Acer\.m2\repository\org\springframework\boot\spring-boot-actuator-autoconfigure\3.4.8\spring-boot-actuator-autoconfigure-3.4.8.jar;C:\Users\Acer\.m2\repository\org\springframework\boot\spring-boot-actuator\3.4.8\spring-boot-actuator-3.4.8.jar;C:\Users\Acer\.m2\repository\com\fasterxml\jackson\core\jackson-databind\2.18.4\jackson-databind-2.18.4.jar;C:\Users\Acer\.m2\repository\com\fasterxml\jackson\datatype\jackson-datatype-jsr310\2.18.4\jackson-datatype-jsr310-2.18.4.jar;C:\Users\Acer\.m2\repository\io\micrometer\micrometer-observation\1.14.9\micrometer-observation-1.14.9.jar;C:\Users\Acer\.m2\repository\io\micrometer\micrometer-commons\1.14.9\micrometer-commons-1.14.9.jar;C:\Users\Acer\.m2\repository\io\micrometer\micrometer-jakarta9\1.14.9\micrometer-jakarta9-1.14.9.jar;C:\Users\Acer\.m2\repository\io\micrometer\micrometer-core\1.14.9\micrometer-core-1.14.9.jar;C:\Users\Acer\.m2\repository\org\hdrhistogram\HdrHistogram\2.2.2\HdrHistogram-2.2.2.jar;C:\Users\Acer\.m2\repository\org\latencyutils\LatencyUtils\2.0.3\LatencyUtils-2.0.3.jar;C:\Users\Acer\.m2\repository\org\springframework\boot\spring-boot-starter-data-jpa\3.4.8\spring-boot-starter-data-jpa-3.4.8.jar;C:\Users\Acer\.m2\repository\org\springframework\boot\spring-boot-starter-jdbc\3.4.8\spring-boot-starter-jdbc-3.4.8.jar;C:\Users\Acer\.m2\repository\com\zaxxer\HikariCP\5.1.0\HikariCP-5.1.0.jar;C:\Users\Acer\.m2\repository\org\springframework\spring-jdbc\6.2.9\spring-jdbc-6.2.9.jar;C:\Users\Acer\.m2\repository\org\hibernate\orm\hibernate-core\6.6.22.Final\hibernate-core-6.6.22.Final.jar;C:\Users\Acer\.m2\repository\jakarta\persistence\jakarta.persistence-api\3.1.0\jakarta.persistence-api-3.1.0.jar;C:\Users\Acer\.m2\repository\jakarta\transaction\jakarta.transaction-api\2.0.1\jakarta.transaction-api-2.0.1.jar;C:\Users\Acer\.m2\repository\org\jboss\logging\jboss-logging\3.6.1.Final\jboss-logging-3.6.1.Final.jar;C:\Users\Acer\.m2\repository\org\hibernate\common\hibernate-commons-annotations\7.0.3.Final\hibernate-commons-annotations-7.0.3.Final.jar;C:\Users\Acer\.m2\repository\io\smallrye\jandex\3.2.0\jandex-3.2.0.jar;C:\Users\Acer\.m2\repository\com\fasterxml\classmate\1.7.0\classmate-1.7.0.jar;C:\Users\Acer\.m2\repository\net\bytebuddy\byte-buddy\1.15.11\byte-buddy-1.15.11.jar;C:\Users\Acer\.m2\repository\org\glassfish\jaxb\jaxb-runtime\4.0.5\jaxb-runtime-4.0.5.jar;C:\Users\Acer\.m2\repository\org\glassfish\jaxb\jaxb-core\4.0.5\jaxb-core-4.0.5.jar;C:\Users\Acer\.m2\repository\org\eclipse\angus\angus-activation\2.0.2\angus-activation-2.0.2.jar;C:\Users\Acer\.m2\repository\org\glassfish\jaxb\txw2\4.0.5\txw2-4.0.5.jar;C:\Users\Acer\.m2\repository\com\sun\istack\istack-commons-runtime\4.1.2\istack-commons-runtime-4.1.2.jar;C:\Users\Acer\.m2\repository\jakarta\inject\jakarta.inject-api\2.0.1\jakarta.inject-api-2.0.1.jar;C:\Users\Acer\.m2\repository\org\antlr\antlr4-runtime\4.13.0\antlr4-runtime-4.13.0.jar;C:\Users\Acer\.m2\repository\org\springframework\data\spring-data-jpa\3.4.8\spring-data-jpa-3.4.8.jar;C:\Users\Acer\.m2\repository\org\springframework\data\spring-data-commons\3.4.8\spring-data-commons-3.4.8.jar;C:\Users\Acer\.m2\repository\org\springframework\spring-orm\6.2.9\spring-orm-6.2.9.jar;C:\Users\Acer\.m2\repository\org\springframework\spring-context\6.2.9\spring-context-6.2.9.jar;C:\Users\Acer\.m2\repository\org\springframework\spring-aop\6.2.9\spring-aop-6.2.9.jar;C:\Users\Acer\.m2\repository\org\springframework\spring-tx\6.2.9\spring-tx-6.2.9.jar;C:\Users\Acer\.m2\repository\org\springframework\spring-beans\6.2.9\spring-beans-6.2.9.jar;C:\Users\Acer\.m2\repository\org\slf4j\slf4j-api\2.0.17\slf4j-api-2.0.17.jar;C:\Users\Acer\.m2\repository\org\springframework\spring-aspects\6.2.9\spring-aspects-6.2.9.jar;C:\Users\Acer\.m2\repository\org\aspectj\aspectjweaver\1.9.24\aspectjweaver-1.9.24.jar;C:\Users\Acer\.m2\repository\org\springframework\boot\spring-boot-starter-web\3.4.8\spring-boot-starter-web-3.4.8.jar;C:\Users\Acer\.m2\repository\org\springframework\boot\spring-boot-starter-json\3.4.8\spring-boot-starter-json-3.4.8.jar;C:\Users\Acer\.m2\repository\com\fasterxml\jackson\datatype\jackson-datatype-jdk8\2.18.4\jackson-datatype-jdk8-2.18.4.jar;C:\Users\Acer\.m2\repository\com\fasterxml\jackson\module\jackson-module-parameter-names\2.18.4\jackson-module-parameter-names-2.18.4.jar;C:\Users\Acer\.m2\repository\org\springframework\boot\spring-boot-starter-tomcat\3.4.8\spring-boot-starter-tomcat-3.4.8.jar;C:\Users\Acer\.m2\repository\org\apache\tomcat\embed\tomcat-embed-core\10.1.43\tomcat-embed-core-10.1.43.jar;C:\Users\Acer\.m2\repository\org\apache\tomcat\embed\tomcat-embed-websocket\10.1.43\tomcat-embed-websocket-10.1.43.jar;C:\Users\Acer\.m2\repository\org\springframework\spring-web\6.2.9\spring-web-6.2.9.jar;C:\Users\Acer\.m2\repository\org\springframework\spring-webmvc\6.2.9\spring-webmvc-6.2.9.jar;C:\Users\Acer\.m2\repository\org\springframework\spring-expression\6.2.9\spring-expression-6.2.9.jar;C:\Users\Acer\.m2\repository\org\springframework\cloud\spring-cloud-starter-openfeign\4.2.2\spring-cloud-starter-openfeign-4.2.2.jar;C:\Users\Acer\.m2\repository\org\springframework\cloud\spring-cloud-starter\4.2.2\spring-cloud-starter-4.2.2.jar;C:\Users\Acer\.m2\repository\org\springframework\cloud\spring-cloud-context\4.2.2\spring-cloud-context-4.2.2.jar;C:\Users\Acer\.m2\repository\org\bouncycastle\bcprov-jdk18on\1.78.1\bcprov-jdk18on-1.78.1.jar;C:\Users\Acer\.m2\repository\org\springframework\cloud\spring-cloud-openfeign-core\4.2.2\spring-cloud-openfeign-core-4.2.2.jar;C:\Users\Acer\.m2\repository\io\github\openfeign\feign-form-spring\13.5\feign-form-spring-13.5.jar;C:\Users\Acer\.m2\repository\io\github\openfeign\feign-form\13.5\feign-form-13.5.jar;C:\Users\Acer\.m2\repository\commons-fileupload\commons-fileupload\1.5\commons-fileupload-1.5.jar;C:\Users\Acer\.m2\repository\org\springframework\cloud\spring-cloud-commons\4.2.2\spring-cloud-commons-4.2.2.jar;C:\Users\Acer\.m2\repository\org\springframework\security\spring-security-crypto\6.4.8\spring-security-crypto-6.4.8.jar;C:\Users\Acer\.m2\repository\io\github\openfeign\feign-core\13.5\feign-core-13.5.jar;C:\Users\Acer\.m2\repository\io\github\openfeign\feign-slf4j\13.5\feign-slf4j-13.5.jar;C:\Users\Acer\.m2\repository\org\springframework\cloud\spring-cloud-starter-netflix-eureka-client\4.2.2\spring-cloud-starter-netflix-eureka-client-4.2.2.jar;C:\Users\Acer\.m2\repository\org\springframework\cloud\spring-cloud-netflix-eureka-client\4.2.2\spring-cloud-netflix-eureka-client-4.2.2.jar;C:\Users\Acer\.m2\repository\org\apache\httpcomponents\client5\httpclient5\5.4.4\httpclient5-5.4.4.jar;C:\Users\Acer\.m2\repository\org\apache\httpcomponents\core5\httpcore5\5.3.4\httpcore5-5.3.4.jar;C:\Users\Acer\.m2\repository\org\apache\httpcomponents\core5\httpcore5-h2\5.3.4\httpcore5-h2-5.3.4.jar;C:\Users\Acer\.m2\repository\com\netflix\eureka\eureka-client\2.0.5\eureka-client-2.0.5.jar;C:\Users\Acer\.m2\repository\com\thoughtworks\xstream\xstream\1.4.21\xstream-1.4.21.jar;C:\Users\Acer\.m2\repository\io\github\x-stream\mxparser\1.2.2\mxparser-1.2.2.jar;C:\Users\Acer\.m2\repository\xmlpull\xmlpull\1.1.3.1\xmlpull-1.1.3.1.jar;C:\Users\Acer\.m2\repository\jakarta\ws\rs\jakarta.ws.rs-api\3.1.0\jakarta.ws.rs-api-3.1.0.jar;C:\Users\Acer\.m2\repository\com\netflix\spectator\spectator-api\1.7.3\spectator-api-1.7.3.jar;C:\Users\Acer\.m2\repository\org\apache\httpcomponents\httpclient\4.5.3\httpclient-4.5.3.jar;C:\Users\Acer\.m2\repository\org\apache\httpcomponents\httpcore\4.4.16\httpcore-4.4.16.jar;C:\Users\Acer\.m2\repository\commons-codec\commons-codec\1.17.2\commons-codec-1.17.2.jar;C:\Users\Acer\.m2\repository\commons-configuration\commons-configuration\1.10\commons-configuration-1.10.jar;C:\Users\Acer\.m2\repository\commons-lang\commons-lang\2.6\commons-lang-2.6.jar;C:\Users\Acer\.m2\repository\com\fasterxml\jackson\core\jackson-annotations\2.18.4\jackson-annotations-2.18.4.jar;C:\Users\Acer\.m2\repository\com\fasterxml\jackson\core\jackson-core\2.18.4.1\jackson-core-2.18.4.1.jar;C:\Users\Acer\.m2\repository\com\netflix\netflix-commons\netflix-eventbus\0.3.0\netflix-eventbus-0.3.0.jar;C:\Users\Acer\.m2\repository\com\netflix\netflix-commons\netflix-infix\0.3.0\netflix-infix-0.3.0.jar;C:\Users\Acer\.m2\repository\commons-jxpath\commons-jxpath\1.3\commons-jxpath-1.3.jar;C:\Users\Acer\.m2\repository\joda-time\joda-time\2.3\joda-time-2.3.jar;C:\Users\Acer\.m2\repository\org\antlr\antlr-runtime\3.4\antlr-runtime-3.4.jar;C:\Users\Acer\.m2\repository\org\antlr\stringtemplate\3.2.1\stringtemplate-3.2.1.jar;C:\Users\Acer\.m2\repository\antlr\antlr\2.7.7\antlr-2.7.7.jar;C:\Users\Acer\.m2\repository\com\google\guava\guava\14.0.1\guava-14.0.1.jar;C:\Users\Acer\.m2\repository\com\google\code\gson\gson\2.11.0\gson-2.11.0.jar;C:\Users\Acer\.m2\repository\com\google\errorprone\error_prone_annotations\2.27.0\error_prone_annotations-2.27.0.jar;C:\Users\Acer\.m2\repository\com\netflix\servo\servo-core\0.5.3\servo-core-0.5.3.jar;C:\Users\Acer\.m2\repository\org\apache\commons\commons-math\2.2\commons-math-2.2.jar;C:\Users\Acer\.m2\repository\javax\annotation\javax.annotation-api\1.2\javax.annotation-api-1.2.jar;C:\Users\Acer\.m2\repository\org\codehaus\jettison\jettison\1.5.4\jettison-1.5.4.jar;C:\Users\Acer\.m2\repository\org\springframework\cloud\spring-cloud-starter-loadbalancer\4.2.2\spring-cloud-starter-loadbalancer-4.2.2.jar;C:\Users\Acer\.m2\repository\org\springframework\cloud\spring-cloud-loadbalancer\4.2.2\spring-cloud-loadbalancer-4.2.2.jar;C:\Users\Acer\.m2\repository\io\projectreactor\reactor-core\3.7.8\reactor-core-3.7.8.jar;C:\Users\Acer\.m2\repository\org\reactivestreams\reactive-streams\1.0.4\reactive-streams-1.0.4.jar;C:\Users\Acer\.m2\repository\io\projectreactor\addons\reactor-extra\3.5.2\reactor-extra-3.5.2.jar;C:\Users\Acer\.m2\repository\org\springframework\boot\spring-boot-starter-cache\3.4.8\spring-boot-starter-cache-3.4.8.jar;C:\Users\Acer\.m2\repository\org\springframework\spring-context-support\6.2.9\spring-context-support-6.2.9.jar;C:\Users\Acer\.m2\repository\com\stoyanr\evictor\1.0.0\evictor-1.0.0.jar;C:\Users\Acer\.m2\repository\org\springframework\boot\spring-boot-devtools\3.4.8\spring-boot-devtools-3.4.8.jar;C:\Users\Acer\.m2\repository\org\springframework\boot\spring-boot\3.4.8\spring-boot-3.4.8.jar;C:\Users\Acer\.m2\repository\org\springframework\boot\spring-boot-autoconfigure\3.4.8\spring-boot-autoconfigure-3.4.8.jar;C:\Users\Acer\.m2\repository\com\h2database\h2\2.3.232\h2-2.3.232.jar;C:\Users\Acer\.m2\repository\org\springframework\boot\spring-boot-starter-validation\3.4.8\spring-boot-starter-validation-3.4.8.jar;C:\Users\Acer\.m2\repository\org\apache\tomcat\embed\tomcat-embed-el\10.1.43\tomcat-embed-el-10.1.43.jar;C:\Users\Acer\.m2\repository\org\hibernate\validator\hibernate-validator\8.0.2.Final\hibernate-validator-8.0.2.Final.jar;C:\Users\Acer\.m2\repository\jakarta\validation\jakarta.validation-api\3.0.2\jakarta.validation-api-3.0.2.jar;C:\Users\Acer\.m2\repository\org\springframework\boot\spring-boot-starter-test\3.4.8\spring-boot-starter-test-3.4.8.jar;C:\Users\Acer\.m2\repository\org\springframework\boot\spring-boot-test\3.4.8\spring-boot-test-3.4.8.jar;C:\Users\Acer\.m2\repository\org\springframework\boot\spring-boot-test-autoconfigure\3.4.8\spring-boot-test-autoconfigure-3.4.8.jar;C:\Users\Acer\.m2\repository\com\jayway\jsonpath\json-path\2.9.0\json-path-2.9.0.jar;C:\Users\Acer\.m2\repository\jakarta\xml\bind\jakarta.xml.bind-api\4.0.2\jakarta.xml.bind-api-4.0.2.jar;C:\Users\Acer\.m2\repository\jakarta\activation\jakarta.activation-api\2.1.3\jakarta.activation-api-2.1.3.jar;C:\Users\Acer\.m2\repository\net\minidev\json-smart\2.5.2\json-smart-2.5.2.jar;C:\Users\Acer\.m2\repository\net\minidev\accessors-smart\2.5.2\accessors-smart-2.5.2.jar;C:\Users\Acer\.m2\repository\org\ow2\asm\asm\9.7.1\asm-9.7.1.jar;C:\Users\Acer\.m2\repository\org\assertj\assertj-core\3.26.3\assertj-core-3.26.3.jar;C:\Users\Acer\.m2\repository\org\awaitility\awaitility\4.2.2\awaitility-4.2.2.jar;C:\Users\Acer\.m2\repository\org\hamcrest\hamcrest\2.2\hamcrest-2.2.jar;C:\Users\Acer\.m2\repository\org\junit\jupiter\junit-jupiter\5.11.4\junit-jupiter-5.11.4.jar;C:\Users\Acer\.m2\repository\org\junit\jupiter\junit-jupiter-api\5.11.4\junit-jupiter-api-5.11.4.jar;C:\Users\Acer\.m2\repository\org\opentest4j\opentest4j\1.3.0\opentest4j-1.3.0.jar;C:\Users\Acer\.m2\repository\org\junit\platform\junit-platform-commons\1.11.4\junit-platform-commons-1.11.4.jar;C:\Users\Acer\.m2\repository\org\apiguardian\apiguardian-api\1.1.2\apiguardian-api-1.1.2.jar;C:\Users\Acer\.m2\repository\org\junit\jupiter\junit-jupiter-params\5.11.4\junit-jupiter-params-5.11.4.jar;C:\Users\Acer\.m2\repository\org\junit\jupiter\junit-jupiter-engine\5.11.4\junit-jupiter-engine-5.11.4.jar;C:\Users\Acer\.m2\repository\org\junit\platform\junit-platform-engine\1.11.4\junit-platform-engine-1.11.4.jar;C:\Users\Acer\.m2\repository\org\mockito\mockito-core\5.14.2\mockito-core-5.14.2.jar;C:\Users\Acer\.m2\repository\net\bytebuddy\byte-buddy-agent\1.15.11\byte-buddy-agent-1.15.11.jar;C:\Users\Acer\.m2\repository\org\objenesis\objenesis\3.3\objenesis-3.3.jar;C:\Users\Acer\.m2\repository\org\mockito\mockito-junit-jupiter\5.14.2\mockito-junit-jupiter-5.14.2.jar;C:\Users\Acer\.m2\repository\org\skyscreamer\jsonassert\1.5.3\jsonassert-1.5.3.jar;C:\Users\Acer\.m2\repository\com\vaadin\external\google\android-json\0.0.20131108.vaadin1\android-json-0.0.20131108.vaadin1.jar;C:\Users\Acer\.m2\repository\org\springframework\spring-core\6.2.9\spring-core-6.2.9.jar;C:\Users\Acer\.m2\repository\org\springframework\spring-jcl\6.2.9\spring-jcl-6.2.9.jar;C:\Users\Acer\.m2\repository\org\springframework\spring-test\6.2.9\spring-test-6.2.9.jar;C:\Users\Acer\.m2\repository\org\xmlunit\xmlunit-core\2.10.3\xmlunit-core-2.10.3.jar;C:\Users\Acer\.m2\repository\org\springdoc\springdoc-openapi-starter-webmvc-ui\2.0.2\springdoc-openapi-starter-webmvc-ui-2.0.2.jar;C:\Users\Acer\.m2\repository\org\springdoc\springdoc-openapi-starter-webmvc-api\2.0.2\springdoc-openapi-starter-webmvc-api-2.0.2.jar;C:\Users\Acer\.m2\repository\org\springdoc\springdoc-openapi-starter-common\2.0.2\springdoc-openapi-starter-common-2.0.2.jar;C:\Users\Acer\.m2\repository\io\swagger\core\v3\swagger-core-jakarta\2.2.7\swagger-core-jakarta-2.2.7.jar;C:\Users\Acer\.m2\repository\org\apache\commons\commons-lang3\3.17.0\commons-lang3-3.17.0.jar;C:\Users\Acer\.m2\repository\io\swagger\core\v3\swagger-annotations-jakarta\2.2.7\swagger-annotations-jakarta-2.2.7.jar;C:\Users\Acer\.m2\repository\io\swagger\core\v3\swagger-models-jakarta\2.2.7\swagger-models-jakarta-2.2.7.jar;C:\Users\Acer\.m2\repository\com\fasterxml\jackson\dataformat\jackson-dataformat-yaml\2.18.4\jackson-dataformat-yaml-2.18.4.jar;C:\Users\Acer\.m2\repository\org\webjars\swagger-ui\4.15.5\swagger-ui-4.15.5.jar;C:\Users\Acer\.m2\repository\org\webjars\webjars-locator-core\0.59\webjars-locator-core-0.59.jar;C:\Users\Acer\.m2\repository\io\github\classgraph\classgraph\4.8.149\classgraph-4.8.149.jar;"/>
    <property name="java.vm.vendor" value="Oracle Corporation"/>
    <property name="sun.arch.data.model" value="64"/>
    <property name="user.variant" value=""/>
    <property name="java.vendor.url" value="https://java.oracle.com/"/>
    <property name="user.timezone" value="America/Buenos_Aires"/>
    <property name="org.jboss.logging.provider" value="slf4j"/>
    <property name="os.name" value="Windows 11"/>
    <property name="java.vm.specification.version" value="17"/>
    <property name="APPLICATION_NAME" value="user-microserv"/>
    <property name="sun.java.launcher" value="SUN_STANDARD"/>
    <property name="user.country" value="AR"/>
    <property name="sun.boot.library.path" value="C:\Program Files\Java\jdk-17\bin"/>
    <property name="sun.java.command" value="C:\Users\Acer\AppData\Local\Temp\surefire17637083022844414020\surefirebooter-20250827210308636_3.jar C:\Users\Acer\AppData\Local\Temp\surefire17637083022844414020 2025-08-27T21-03-08_441-jvmRun1 surefire-20250827210308636_1tmp surefire_0-20250827210308636_2tmp"/>
    <property name="jdk.debug" value="release"/>
    <property name="surefire.test.class.path" value="C:\Users\Acer\Desktop\Prog\api 2\microservicios\usuario\target\test-classes;C:\Users\Acer\Desktop\Prog\api 2\microservicios\usuario\target\classes;C:\Users\Acer\.m2\repository\org\springframework\boot\spring-boot-starter-actuator\3.4.8\spring-boot-starter-actuator-3.4.8.jar;C:\Users\Acer\.m2\repository\org\springframework\boot\spring-boot-starter\3.4.8\spring-boot-starter-3.4.8.jar;C:\Users\Acer\.m2\repository\org\springframework\boot\spring-boot-starter-logging\3.4.8\spring-boot-starter-logging-3.4.8.jar;C:\Users\Acer\.m2\repository\ch\qos\logback\logback-classic\1.5.18\logback-classic-1.5.18.jar;C:\Users\Acer\.m2\repository\ch\qos\logback\logback-core\1.5.18\logback-core-1.5.18.jar;C:\Users\Acer\.m2\repository\org\apache\logging\log4j\log4j-to-slf4j\2.24.3\log4j-to-slf4j-2.24.3.jar;C:\Users\Acer\.m2\repository\org\apache\logging\log4j\log4j-api\2.24.3\log4j-api-2.24.3.jar;C:\Users\Acer\.m2\repository\org\slf4j\jul-to-slf4j\2.0.17\jul-to-slf4j-2.0.17.jar;C:\Users\Acer\.m2\repository\jakarta\annotation\jakarta.annotation-api\2.1.1\jakarta.annotation-api-2.1.1.jar;C:\Users\Acer\.m2\repository\org\yaml\snakeyaml\2.3\snakeyaml-2.3.jar;C:\Users\Acer\.m2\repository\org\springframework\boot\spring-boot-actuator-autoconfigure\3.4.8\spring-boot-actuator-autoconfigure-3.4.8.jar;C:\Users\Acer\.m2\repository\org\springframework\boot\spring-boot-actuator\3.4.8\spring-boot-actuator-3.4.8.jar;C:\Users\Acer\.m2\repository\com\fasterxml\jackson\core\jackson-databind\2.18.4\jackson-databind-2.18.4.jar;C:\Users\Acer\.m2\repository\com\fasterxml\jackson\datatype\jackson-datatype-jsr310\2.18.4\jackson-datatype-jsr310-2.18.4.jar;C:\Users\Acer\.m2\repository\io\micrometer\micrometer-observation\1.14.9\micrometer-observation-1.14.9.jar;C:\Users\Acer\.m2\repository\io\micrometer\micrometer-commons\1.14.9\micrometer-commons-1.14.9.jar;C:\Users\Acer\.m2\repository\io\micrometer\micrometer-jakarta9\1.14.9\micrometer-jakarta9-1.14.9.jar;C:\Users\Acer\.m2\repository\io\micrometer\micrometer-core\1.14.9\micrometer-core-1.14.9.jar;C:\Users\Acer\.m2\repository\org\hdrhistogram\HdrHistogram\2.2.2\HdrHistogram-2.2.2.jar;C:\Users\Acer\.m2\repository\org\latencyutils\LatencyUtils\2.0.3\LatencyUtils-2.0.3.jar;C:\Users\Acer\.m2\repository\org\springframework\boot\spring-boot-starter-data-jpa\3.4.8\spring-boot-starter-data-jpa-3.4.8.jar;C:\Users\Acer\.m2\repository\org\springframework\boot\spring-boot-starter-jdbc\3.4.8\spring-boot-starter-jdbc-3.4.8.jar;C:\Users\Acer\.m2\repository\com\zaxxer\HikariCP\5.1.0\HikariCP-5.1.0.jar;C:\Users\Acer\.m2\repository\org\springframework\spring-jdbc\6.2.9\spring-jdbc-6.2.9.jar;C:\Users\Acer\.m2\repository\org\hibernate\orm\hibernate-core\6.6.22.Final\hibernate-core-6.6.22.Final.jar;C:\Users\Acer\.m2\repository\jakarta\persistence\jakarta.persistence-api\3.1.0\jakarta.persistence-api-3.1.0.jar;C:\Users\Acer\.m2\repository\jakarta\transaction\jakarta.transaction-api\2.0.1\jakarta.transaction-api-2.0.1.jar;C:\Users\Acer\.m2\repository\org\jboss\logging\jboss-logging\3.6.1.Final\jboss-logging-3.6.1.Final.jar;C:\Users\Acer\.m2\repository\org\hibernate\common\hibernate-commons-annotations\7.0.3.Final\hibernate-commons-annotations-7.0.3.Final.jar;C:\Users\Acer\.m2\repository\io\smallrye\jandex\3.2.0\jandex-3.2.0.jar;C:\Users\Acer\.m2\repository\com\fasterxml\classmate\1.7.0\classmate-1.7.0.jar;C:\Users\Acer\.m2\repository\net\bytebuddy\byte-buddy\1.15.11\byte-buddy-1.15.11.jar;C:\Users\Acer\.m2\repository\org\glassfish\jaxb\jaxb-runtime\4.0.5\jaxb-runtime-4.0.5.jar;C:\Users\Acer\.m2\repository\org\glassfish\jaxb\jaxb-core\4.0.5\jaxb-core-4.0.5.jar;C:\Users\Acer\.m2\repository\org\eclipse\angus\angus-activation\2.0.2\angus-activation-2.0.2.jar;C:\Users\Acer\.m2\repository\org\glassfish\jaxb\txw2\4.0.5\txw2-4.0.5.jar;C:\Users\Acer\.m2\repository\com\sun\istack\istack-commons-runtime\4.1.2\istack-commons-runtime-4.1.2.jar;C:\Users\Acer\.m2\repository\jakarta\inject\jakarta.inject-api\2.0.1\jakarta.inject-api-2.0.1.jar;C:\Users\Acer\.m2\repository\org\antlr\antlr4-runtime\4.13.0\antlr4-runtime-4.13.0.jar;C:\Users\Acer\.m2\repository\org\springframework\data\spring-data-jpa\3.4.8\spring-data-jpa-3.4.8.jar;C:\Users\Acer\.m2\repository\org\springframework\data\spring-data-commons\3.4.8\spring-data-commons-3.4.8.jar;C:\Users\Acer\.m2\repository\org\springframework\spring-orm\6.2.9\spring-orm-6.2.9.jar;C:\Users\Acer\.m2\repository\org\springframework\spring-context\6.2.9\spring-context-6.2.9.jar;C:\Users\Acer\.m2\repository\org\springframework\spring-aop\6.2.9\spring-aop-6.2.9.jar;C:\Users\Acer\.m2\repository\org\springframework\spring-tx\6.2.9\spring-tx-6.2.9.jar;C:\Users\Acer\.m2\repository\org\springframework\spring-beans\6.2.9\spring-beans-6.2.9.jar;C:\Users\Acer\.m2\repository\org\slf4j\slf4j-api\2.0.17\slf4j-api-2.0.17.jar;C:\Users\Acer\.m2\repository\org\springframework\spring-aspects\6.2.9\spring-aspects-6.2.9.jar;C:\Users\Acer\.m2\repository\org\aspectj\aspectjweaver\1.9.24\aspectjweaver-1.9.24.jar;C:\Users\Acer\.m2\repository\org\springframework\boot\spring-boot-starter-web\3.4.8\spring-boot-starter-web-3.4.8.jar;C:\Users\Acer\.m2\repository\org\springframework\boot\spring-boot-starter-json\3.4.8\spring-boot-starter-json-3.4.8.jar;C:\Users\Acer\.m2\repository\com\fasterxml\jackson\datatype\jackson-datatype-jdk8\2.18.4\jackson-datatype-jdk8-2.18.4.jar;C:\Users\Acer\.m2\repository\com\fasterxml\jackson\module\jackson-module-parameter-names\2.18.4\jackson-module-parameter-names-2.18.4.jar;C:\Users\Acer\.m2\repository\org\springframework\boot\spring-boot-starter-tomcat\3.4.8\spring-boot-starter-tomcat-3.4.8.jar;C:\Users\Acer\.m2\repository\org\apache\tomcat\embed\tomcat-embed-core\10.1.43\tomcat-embed-core-10.1.43.jar;C:\Users\Acer\.m2\repository\org\apache\tomcat\embed\tomcat-embed-websocket\10.1.43\tomcat-embed-websocket-10.1.43.jar;C:\Users\Acer\.m2\repository\org\springframework\spring-web\6.2.9\spring-web-6.2.9.jar;C:\Users\Acer\.m2\repository\org\springframework\spring-webmvc\6.2.9\spring-webmvc-6.2.9.jar;C:\Users\Acer\.m2\repository\org\springframework\spring-expression\6.2.9\spring-expression-6.2.9.jar;C:\Users\Acer\.m2\repository\org\springframework\cloud\spring-cloud-starter-openfeign\4.2.2\spring-cloud-starter-openfeign-4.2.2.jar;C:\Users\Acer\.m2\repository\org\springframework\cloud\spring-cloud-starter\4.2.2\spring-cloud-starter-4.2.2.jar;C:\Users\Acer\.m2\repository\org\springframework\cloud\spring-cloud-context\4.2.2\spring-cloud-context-4.2.2.jar;C:\Users\Acer\.m2\repository\org\bouncycastle\bcprov-jdk18on\1.78.1\bcprov-jdk18on-1.78.1.jar;C:\Users\Acer\.m2\repository\org\springframework\cloud\spring-cloud-openfeign-core\4.2.2\spring-cloud-openfeign-core-4.2.2.jar;C:\Users\Acer\.m2\repository\io\github\openfeign\feign-form-spring\13.5\feign-form-spring-13.5.jar;C:\Users\Acer\.m2\repository\io\github\openfeign\feign-form\13.5\feign-form-13.5.jar;C:\Users\Acer\.m2\repository\commons-fileupload\commons-fileupload\1.5\commons-fileupload-1.5.jar;C:\Users\Acer\.m2\repository\org\springframework\cloud\spring-cloud-commons\4.2.2\spring-cloud-commons-4.2.2.jar;C:\Users\Acer\.m2\repository\org\springframework\security\spring-security-crypto\6.4.8\spring-security-crypto-6.4.8.jar;C:\Users\Acer\.m2\repository\io\github\openfeign\feign-core\13.5\feign-core-13.5.jar;C:\Users\Acer\.m2\repository\io\github\openfeign\feign-slf4j\13.5\feign-slf4j-13.5.jar;C:\Users\Acer\.m2\repository\org\springframework\cloud\spring-cloud-starter-netflix-eureka-client\4.2.2\spring-cloud-starter-netflix-eureka-client-4.2.2.jar;C:\Users\Acer\.m2\repository\org\springframework\cloud\spring-cloud-netflix-eureka-client\4.2.2\spring-cloud-netflix-eureka-client-4.2.2.jar;C:\Users\Acer\.m2\repository\org\apache\httpcomponents\client5\httpclient5\5.4.4\httpclient5-5.4.4.jar;C:\Users\Acer\.m2\repository\org\apache\httpcomponents\core5\httpcore5\5.3.4\httpcore5-5.3.4.jar;C:\Users\Acer\.m2\repository\org\apache\httpcomponents\core5\httpcore5-h2\5.3.4\httpcore5-h2-5.3.4.jar;C:\Users\Acer\.m2\repository\com\netflix\eureka\eureka-client\2.0.5\eureka-client-2.0.5.jar;C:\Users\Acer\.m2\repository\com\thoughtworks\xstream\xstream\1.4.21\xstream-1.4.21.jar;C:\Users\Acer\.m2\repository\io\github\x-stream\mxparser\1.2.2\mxparser-1.2.2.jar;C:\Users\Acer\.m2\repository\xmlpull\xmlpull\1.1.3.1\xmlpull-1.1.3.1.jar;C:\Users\Acer\.m2\repository\jakarta\ws\rs\jakarta.ws.rs-api\3.1.0\jakarta.ws.rs-api-3.1.0.jar;C:\Users\Acer\.m2\repository\com\netflix\spectator\spectator-api\1.7.3\spectator-api-1.7.3.jar;C:\Users\Acer\.m2\repository\org\apache\httpcomponents\httpclient\4.5.3\httpclient-4.5.3.jar;C:\Users\Acer\.m2\repository\org\apache\httpcomponents\httpcore\4.4.16\httpcore-4.4.16.jar;C:\Users\Acer\.m2\repository\commons-codec\commons-codec\1.17.2\commons-codec-1.17.2.jar;C:\Users\Acer\.m2\repository\commons-configuration\commons-configuration\1.10\commons-configuration-1.10.jar;C:\Users\Acer\.m2\repository\commons-lang\commons-lang\2.6\commons-lang-2.6.jar;C:\Users\Acer\.m2\repository\com\fasterxml\jackson\core\jackson-annotations\2.18.4\jackson-annotations-2.18.4.jar;C:\Users\Acer\.m2\repository\com\fasterxml\jackson\core\jackson-core\2.18.4.1\jackson-core-2.18.4.1.jar;C:\Users\Acer\.m2\repository\com\netflix\netflix-commons\netflix-eventbus\0.3.0\netflix-eventbus-0.3.0.jar;C:\Users\Acer\.m2\repository\com\netflix\netflix-commons\netflix-infix\0.3.0\netflix-infix-0.3.0.jar;C:\Users\Acer\.m2\repository\commons-jxpath\commons-jxpath\1.3\commons-jxpath-1.3.jar;C:\Users\Acer\.m2\repository\joda-time\joda-time\2.3\joda-time-2.3.jar;C:\Users\Acer\.m2\repository\org\antlr\antlr-runtime\3.4\antlr-runtime-3.4.jar;C:\Users\Acer\.m2\repository\org\antlr\stringtemplate\3.2.1\stringtemplate-3.2.1.jar;C:\Users\Acer\.m2\repository\antlr\antlr\2.7.7\antlr-2.7.7.jar;C:\Users\Acer\.m2\repository\com\google\guava\guava\14.0.1\guava-14.0.1.jar;C:\Users\Acer\.m2\repository\com\google\code\gson\gson\2.11.0\gson-2.11.0.jar;C:\Users\Acer\.m2\repository\com\google\errorprone\error_prone_annotations\2.27.0\error_prone_annotations-2.27.0.jar;C:\Users\Acer\.m2\repository\com\netflix\servo\servo-core\0.5.3\servo-core-0.5.3.jar;C:\Users\Acer\.m2\repository\org\apache\commons\commons-math\2.2\commons-math-2.2.jar;C:\Users\Acer\.m2\repository\javax\annotation\javax.annotation-api\1.2\javax.annotation-api-1.2.jar;C:\Users\Acer\.m2\repository\org\codehaus\jettison\jettison\1.5.4\jettison-1.5.4.jar;C:\Users\Acer\.m2\repository\org\springframework\cloud\spring-cloud-starter-loadbalancer\4.2.2\spring-cloud-starter-loadbalancer-4.2.2.jar;C:\Users\Acer\.m2\repository\org\springframework\cloud\spring-cloud-loadbalancer\4.2.2\spring-cloud-loadbalancer-4.2.2.jar;C:\Users\Acer\.m2\repository\io\projectreactor\reactor-core\3.7.8\reactor-core-3.7.8.jar;C:\Users\Acer\.m2\repository\org\reactivestreams\reactive-streams\1.0.4\reactive-streams-1.0.4.jar;C:\Users\Acer\.m2\repository\io\projectreactor\addons\reactor-extra\3.5.2\reactor-extra-3.5.2.jar;C:\Users\Acer\.m2\repository\org\springframework\boot\spring-boot-starter-cache\3.4.8\spring-boot-starter-cache-3.4.8.jar;C:\Users\Acer\.m2\repository\org\springframework\spring-context-support\6.2.9\spring-context-support-6.2.9.jar;C:\Users\Acer\.m2\repository\com\stoyanr\evictor\1.0.0\evictor-1.0.0.jar;C:\Users\Acer\.m2\repository\org\springframework\boot\spring-boot-devtools\3.4.8\spring-boot-devtools-3.4.8.jar;C:\Users\Acer\.m2\repository\org\springframework\boot\spring-boot\3.4.8\spring-boot-3.4.8.jar;C:\Users\Acer\.m2\repository\org\springframework\boot\spring-boot-autoconfigure\3.4.8\spring-boot-autoconfigure-3.4.8.jar;C:\Users\Acer\.m2\repository\com\h2database\h2\2.3.232\h2-2.3.232.jar;C:\Users\Acer\.m2\repository\org\springframework\boot\spring-boot-starter-validation\3.4.8\spring-boot-starter-validation-3.4.8.jar;C:\Users\Acer\.m2\repository\org\apache\tomcat\embed\tomcat-embed-el\10.1.43\tomcat-embed-el-10.1.43.jar;C:\Users\Acer\.m2\repository\org\hibernate\validator\hibernate-validator\8.0.2.Final\hibernate-validator-8.0.2.Final.jar;C:\Users\Acer\.m2\repository\jakarta\validation\jakarta.validation-api\3.0.2\jakarta.validation-api-3.0.2.jar;C:\Users\Acer\.m2\repository\org\springframework\boot\spring-boot-starter-test\3.4.8\spring-boot-starter-test-3.4.8.jar;C:\Users\Acer\.m2\repository\org\springframework\boot\spring-boot-test\3.4.8\spring-boot-test-3.4.8.jar;C:\Users\Acer\.m2\repository\org\springframework\boot\spring-boot-test-autoconfigure\3.4.8\spring-boot-test-autoconfigure-3.4.8.jar;C:\Users\Acer\.m2\repository\com\jayway\jsonpath\json-path\2.9.0\json-path-2.9.0.jar;C:\Users\Acer\.m2\repository\jakarta\xml\bind\jakarta.xml.bind-api\4.0.2\jakarta.xml.bind-api-4.0.2.jar;C:\Users\Acer\.m2\repository\jakarta\activation\jakarta.activation-api\2.1.3\jakarta.activation-api-2.1.3.jar;C:\Users\Acer\.m2\repository\net\minidev\json-smart\2.5.2\json-smart-2.5.2.jar;C:\Users\Acer\.m2\repository\net\minidev\accessors-smart\2.5.2\accessors-smart-2.5.2.jar;C:\Users\Acer\.m2\repository\org\ow2\asm\asm\9.7.1\asm-9.7.1.jar;C:\Users\Acer\.m2\repository\org\assertj\assertj-core\3.26.3\assertj-core-3.26.3.jar;C:\Users\Acer\.m2\repository\org\awaitility\awaitility\4.2.2\awaitility-4.2.2.jar;C:\Users\Acer\.m2\repository\org\hamcrest\hamcrest\2.2\hamcrest-2.2.jar;C:\Users\Acer\.m2\repository\org\junit\jupiter\junit-jupiter\5.11.4\junit-jupiter-5.11.4.jar;C:\Users\Acer\.m2\repository\org\junit\jupiter\junit-jupiter-api\5.11.4\junit-jupiter-api-5.11.4.jar;C:\Users\Acer\.m2\repository\org\opentest4j\opentest4j\1.3.0\opentest4j-1.3.0.jar;C:\Users\Acer\.m2\repository\org\junit\platform\junit-platform-commons\1.11.4\junit-platform-commons-1.11.4.jar;C:\Users\Acer\.m2\repository\org\apiguardian\apiguardian-api\1.1.2\apiguardian-api-1.1.2.jar;C:\Users\Acer\.m2\repository\org\junit\jupiter\junit-jupiter-params\5.11.4\junit-jupiter-params-5.11.4.jar;C:\Users\Acer\.m2\repository\org\junit\jupiter\junit-jupiter-engine\5.11.4\junit-jupiter-engine-5.11.4.jar;C:\Users\Acer\.m2\repository\org\junit\platform\junit-platform-engine\1.11.4\junit-platform-engine-1.11.4.jar;C:\Users\Acer\.m2\repository\org\mockito\mockito-core\5.14.2\mockito-core-5.14.2.jar;C:\Users\Acer\.m2\repository\net\bytebuddy\byte-buddy-agent\1.15.11\byte-buddy-agent-1.15.11.jar;C:\Users\Acer\.m2\repository\org\objenesis\objenesis\3.3\objenesis-3.3.jar;C:\Users\Acer\.m2\repository\org\mockito\mockito-junit-jupiter\5.14.2\mockito-junit-jupiter-5.14.2.jar;C:\Users\Acer\.m2\repository\org\skyscreamer\jsonassert\1.5.3\jsonassert-1.5.3.jar;C:\Users\Acer\.m2\repository\com\vaadin\external\google\android-json\0.0.20131108.vaadin1\android-json-0.0.20131108.vaadin1.jar;C:\Users\Acer\.m2\repository\org\springframework\spring-core\6.2.9\spring-core-6.2.9.jar;C:\Users\Acer\.m2\repository\org\springframework\spring-jcl\6.2.9\spring-jcl-6.2.9.jar;C:\Users\Acer\.m2\repository\org\springframework\spring-test\6.2.9\spring-test-6.2.9.jar;C:\Users\Acer\.m2\repository\org\xmlunit\xmlunit-core\2.10.3\xmlunit-core-2.10.3.jar;C:\Users\Acer\.m2\repository\org\springdoc\springdoc-openapi-starter-webmvc-ui\2.0.2\springdoc-openapi-starter-webmvc-ui-2.0.2.jar;C:\Users\Acer\.m2\repository\org\springdoc\springdoc-openapi-starter-webmvc-api\2.0.2\springdoc-openapi-starter-webmvc-api-2.0.2.jar;C:\Users\Acer\.m2\repository\org\springdoc\springdoc-openapi-starter-common\2.0.2\springdoc-openapi-starter-common-2.0.2.jar;C:\Users\Acer\.m2\repository\io\swagger\core\v3\swagger-core-jakarta\2.2.7\swagger-core-jakarta-2.2.7.jar;C:\Users\Acer\.m2\repository\org\apache\commons\commons-lang3\3.17.0\commons-lang3-3.17.0.jar;C:\Users\Acer\.m2\repository\io\swagger\core\v3\swagger-annotations-jakarta\2.2.7\swagger-annotations-jakarta-2.2.7.jar;C:\Users\Acer\.m2\repository\io\swagger\core\v3\swagger-models-jakarta\2.2.7\swagger-models-jakarta-2.2.7.jar;C:\Users\Acer\.m2\repository\com\fasterxml\jackson\dataformat\jackson-dataformat-yaml\2.18.4\jackson-dataformat-yaml-2.18.4.jar;C:\Users\Acer\.m2\repository\org\webjars\swagger-ui\4.15.5\swagger-ui-4.15.5.jar;C:\Users\Acer\.m2\repository\org\webjars\webjars-locator-core\0.59\webjars-locator-core-0.59.jar;C:\Users\Acer\.m2\repository\io\github\classgraph\classgraph\4.8.149\classgraph-4.8.149.jar;"/>
    <property name="sun.cpu.endian" value="little"/>
    <property name="user.home" value="C:\Users\Acer"/>
    <property name="user.language" value="es"/>
    <property name="java.specification.vendor" value="Oracle Corporation"/>
    <property name="java.version.date" value="2024-04-16"/>
    <property name="java.home" value="C:\Program Files\Java\jdk-17"/>
    <property name="file.separator" value="\"/>
    <property name="basedir" value="C:\Users\Acer\Desktop\Prog\api 2\microservicios\usuario"/>
    <property name="java.vm.compressedOopsMode" value="Zero based"/>
    <property name="line.separator" value="&#10;"/>
    <property name="java.vm.specification.vendor" value="Oracle Corporation"/>
    <property name="java.specification.name" value="Java Platform API Specification"/>
    <property name="FILE_LOG_CHARSET" value="windows-1252"/>
    <property name="java.awt.headless" value="true"/>
    <property name="surefire.real.class.path" value="C:\Users\Acer\AppData\Local\Temp\surefire17637083022844414020\surefirebooter-20250827210308636_3.jar"/>
    <property name="user.script" value=""/>
    <property name="sun.management.compiler" value="HotSpot 64-Bit Tiered Compilers"/>
    <property name="java.runtime.version" value="17.0.11+7-LTS-207"/>
    <property name="user.name" value="Acer"/>
    <property name="path.separator" value=";"/>
    <property name="os.version" value="10.0"/>
    <property name="java.runtime.name" value="Java(TM) SE Runtime Environment"/>
    <property name="file.encoding" value="Cp1252"/>
    <property name="java.vm.name" value="Java HotSpot(TM) 64-Bit Server VM"/>
    <property name="localRepository" value="C:\Users\Acer\.m2\repository"/>
    <property name="java.vendor.url.bug" value="https://bugreport.java.com/bugreport/"/>
    <property name="java.io.tmpdir" value="C:\Users\Acer\AppData\Local\Temp\"/>
    <property name="idea.version" value="2024.1.4"/>
    <property name="com.zaxxer.hikari.pool_number" value="1"/>
    <property name="java.version" value="17.0.11"/>
    <property name="user.dir" value="C:\Users\Acer\Desktop\Prog\api 2\microservicios\usuario"/>
    <property name="os.arch" value="amd64"/>
    <property name="java.vm.specification.name" value="Java Virtual Machine Specification"/>
    <property name="PID" value="20304"/>
    <property name="sun.os.patch.level" value=""/>
    <property name="CONSOLE_LOG_CHARSET" value="windows-1252"/>
    <property name="native.encoding" value="Cp1252"/>
    <property name="java.library.path" value="C:\Program Files\Java\jdk-17\bin;C:\WINDOWS\Sun\Java\bin;C:\WINDOWS\system32;C:\WINDOWS;C:\Program Files\Common Files\Oracle\Java\javapath;C:\Windows\system32;C:\Windows;C:\Windows\System32\Wbem;C:\Windows\System32\WindowsPowerShell\v1.0\;C:\Windows\System32\OpenSSH\;C:\Program Files\dotnet\;C:\Program Files (x86)\NVIDIA Corporation\PhysX\Common;C:\Program Files\Java\jdk-17\bin;C:\Program Files\Git\cmd;C:\WINDOWS\system32;C:\WINDOWS;C:\WINDOWS\System32\Wbem;C:\WINDOWS\System32\WindowsPowerShell\v1.0\;C:\WINDOWS\System32\OpenSSH\;C:\Program Files\NVIDIA Corporation\NVIDIA App\NvDLISR;C:\Program Files\nodejs\;C:\Users\Acer\AppData\Local\Microsoft\WindowsApps;C:\Users\Acer\AppData\Local\Programs\Microsoft VS Code\bin;C:\Users\Acer\AppData\Roaming\npm;."/>
    <property name="java.vm.info" value="mixed mode, sharing"/>
    <property name="java.vendor" value="Oracle Corporation"/>
    <property name="java.vm.version" value="17.0.11+7-LTS-207"/>
    <property name="sun.io.unicode.encoding" value="UnicodeLittle"/>
    <property name="java.class.version" value="61.0"/>
    <property name="LOGGED_APPLICATION_NAME" value="[user-microserv] "/>
  </properties>
  <testcase name="contextLoads" classname="com.user.UsuarioApplicationTests" time="0.38">
    <system-out><![CDATA[21:03:09.796 [main] INFO org.springframework.test.context.support.AnnotationConfigContextLoaderUtils -- Could not detect default configuration classes for test class [com.user.UsuarioApplicationTests]: UsuarioApplicationTests does not declare any static, non-private, non-final, nested classes annotated with @Configuration.
21:03:09.946 [main] INFO org.springframework.boot.test.context.SpringBootTestContextBootstrapper -- Found @SpringBootConfiguration com.user.UsuarioApplication for test class com.user.UsuarioApplicationTests
21:03:10.318 [main] INFO org.springframework.boot.devtools.restart.RestartApplicationListener -- Restart disabled due to context in which it is running

  .   ____          _            __ _ _
 /\\ / ___'_ __ _ _(_)_ __  __ _ \ \ \ \
( ( )\___ | '_ | '_| | '_ \/ _` | \ \ \ \
 \\/  ___)| |_)| | | | | || (_| |  ) ) ) )
  '  |____| .__|_| |_|_| |_\__, | / / / /
 =========|_|==============|___/=/_/_/_/

 :: Spring Boot ::                (v3.4.8)

2025-08-27T21:03:10.720-03:00  INFO 20304 --- [user-microserv] [           main] com.user.UsuarioApplicationTests         : Starting UsuarioApplicationTests using Java 17.0.11 with PID 20304 (started by Acer in C:\Users\Acer\Desktop\Prog\api 2\microservicios\usuario)
2025-08-27T21:03:10.720-03:00  INFO 20304 --- [user-microserv] [           main] com.user.UsuarioApplicationTests         : No active profile set, falling back to 1 default profile: "default"
2025-08-27T21:03:11.979-03:00  INFO 20304 --- [user-microserv] [           main] .s.d.r.c.RepositoryConfigurationDelegate : Bootstrapping Spring Data JPA repositories in DEFAULT mode.
2025-08-27T21:03:12.201-03:00  INFO 20304 --- [user-microserv] [           main] .s.d.r.c.RepositoryConfigurationDelegate : Finished Spring Data repository scanning in 193 ms. Found 1 JPA repository interface.
2025-08-27T21:03:12.579-03:00  INFO 20304 --- [user-microserv] [           main] o.s.cloud.context.scope.GenericScope     : BeanFactory id=5fccda15-2d2d-3b25-9116-b4efa60f5492
2025-08-27T21:03:13.083-03:00  INFO 20304 --- [user-microserv] [           main] o.hibernate.jpa.internal.util.LogHelper  : HHH000204: Processing PersistenceUnitInfo [name: default]
2025-08-27T21:03:13.203-03:00  INFO 20304 --- [user-microserv] [           main] org.hibernate.Version                    : HHH000412: Hibernate ORM core version 6.6.22.Final
2025-08-27T21:03:13.262-03:00  INFO 20304 --- [user-microserv] [           main] o.h.c.internal.RegionFactoryInitiator    : HHH000026: Second-level cache disabled
2025-08-27T21:03:13.775-03:00  INFO 20304 --- [user-microserv] [           main] o.s.o.j.p.SpringPersistenceUnitInfo      : No LoadTimeWeaver setup: ignoring JPA class transformer
2025-08-27T21:03:13.843-03:00  INFO 20304 --- [user-microserv] [           main] com.zaxxer.hikari.HikariDataSource       : HikariPool-1 - Starting...
2025-08-27T21:03:14.158-03:00  INFO 20304 --- [user-microserv] [           main] com.zaxxer.hikari.pool.HikariPool        : HikariPool-1 - Added connection conn0: url=jdbc:h2:mem:userdb user=SA
2025-08-27T21:03:14.158-03:00  INFO 20304 --- [user-microserv] [           main] com.zaxxer.hikari.HikariDataSource       : HikariPool-1 - Start completed.
2025-08-27T21:03:14.190-03:00  WARN 20304 --- [user-microserv] [           main] org.hibernate.orm.deprecation            : HHH90000025: H2Dialect does not need to be specified explicitly using 'hibernate.dialect' (remove the property setting and it will be selected by default)
2025-08-27T21:03:14.216-03:00  INFO 20304 --- [user-microserv] [           main] org.hibernate.orm.connections.pooling    : HHH10001005: Database info:
	Database JDBC URL [Connecting through datasource 'HikariDataSource (HikariPool-1)']
	Database driver: undefined/unknown
	Database version: 2.3.232
	Autocommit mode: undefined/unknown
	Isolation level: undefined/unknown
	Minimum pool size: undefined/unknown
	Maximum pool size: undefined/unknown
2025-08-27T21:03:15.128-03:00  INFO 20304 --- [user-microserv] [           main] o.h.e.t.j.p.i.JtaPlatformInitiator       : HHH000489: No JTA platform available (set 'hibernate.transaction.jta.platform' to enable JTA platform integration)
2025-08-27T21:03:15.162-03:00  INFO 20304 --- [user-microserv] [           main] j.LocalContainerEntityManagerFactoryBean : Initialized JPA EntityManagerFactory for persistence unit 'default'
2025-08-27T21:03:15.785-03:00  WARN 20304 --- [user-microserv] [           main] JpaBaseConfiguration$JpaWebConfiguration : spring.jpa.open-in-view is enabled by default. Therefore, database queries may be performed during view rendering. Explicitly configure spring.jpa.open-in-view to disable this warning
2025-08-27T21:03:15.996-03:00  INFO 20304 --- [user-microserv] [           main] o.s.c.openfeign.FeignClientFactoryBean   : For 'product-microserv' URL not provided. Will try picking an instance via load-balancing.
2025-08-27T21:03:17.746-03:00  INFO 20304 --- [user-microserv] [           main] o.s.b.a.h2.H2ConsoleAutoConfiguration    : H2 console available at '/h2-console'. Database available at 'jdbc:h2:mem:userdb'
2025-08-27T21:03:17.857-03:00  INFO 20304 --- [user-microserv] [           main] DiscoveryClientOptionalArgsConfiguration : Eureka HTTP Client uses RestTemplate.
2025-08-27T21:03:17.876-03:00  WARN 20304 --- [user-microserv] [           main] iguration$LoadBalancerCaffeineWarnLogger : Spring Cloud LoadBalancer is currently working with the default cache. While this cache implementation is useful for development and tests, it's recommended to use Caffeine cache in production.You can switch to using Caffeine cache, by adding it and org.springframework.cache.caffeine.CaffeineCacheManager to the classpath.
2025-08-27T21:03:17.904-03:00  INFO 20304 --- [user-microserv] [           main] o.s.b.a.e.web.EndpointLinksResolver      : Exposing 1 endpoint beneath base path '/actuator'
2025-08-27T21:03:17.959-03:00  INFO 20304 --- [user-microserv] [           main] o.s.c.n.eureka.InstanceInfoFactory       : Setting initial instance status as: STARTING
2025-08-27T21:03:17.988-03:00  INFO 20304 --- [user-microserv] [           main] com.netflix.discovery.DiscoveryClient    : Initializing Eureka in region us-east-1
2025-08-27T21:03:17.996-03:00  INFO 20304 --- [user-microserv] [           main] c.n.d.s.r.aws.ConfigClusterResolver      : Resolving eureka endpoints via configuration
2025-08-27T21:03:18.004-03:00  INFO 20304 --- [user-microserv] [           main] com.netflix.discovery.DiscoveryClient    : Disable delta property : false
2025-08-27T21:03:18.004-03:00  INFO 20304 --- [user-microserv] [           main] com.netflix.discovery.DiscoveryClient    : Single vip registry refresh property : null
2025-08-27T21:03:18.004-03:00  INFO 20304 --- [user-microserv] [           main] com.netflix.discovery.DiscoveryClient    : Force full registry fetch : false
2025-08-27T21:03:18.004-03:00  INFO 20304 --- [user-microserv] [           main] com.netflix.discovery.DiscoveryClient    : Application is null : false
2025-08-27T21:03:18.004-03:00  INFO 20304 --- [user-microserv] [           main] com.netflix.discovery.DiscoveryClient    : Registered Applications size is zero : true
2025-08-27T21:03:18.004-03:00  INFO 20304 --- [user-microserv] [           main] com.netflix.discovery.DiscoveryClient    : Application version is -1: true
2025-08-27T21:03:18.004-03:00  INFO 20304 --- [user-microserv] [           main] com.netflix.discovery.DiscoveryClient    : Getting all instance registry info from the eureka server
2025-08-27T21:03:18.432-03:00  INFO 20304 --- [user-microserv] [           main] com.netflix.discovery.DiscoveryClient    : The response status is 200
2025-08-27T21:03:18.432-03:00  INFO 20304 --- [user-microserv] [           main] com.netflix.discovery.DiscoveryClient    : Starting heartbeat executor: renew interval is: 30
2025-08-27T21:03:18.432-03:00  INFO 20304 --- [user-microserv] [           main] c.n.discovery.InstanceInfoReplicator     : InstanceInfoReplicator onDemand update allowed rate per min is 4
2025-08-27T21:03:18.432-03:00  INFO 20304 --- [user-microserv] [           main] com.netflix.discovery.DiscoveryClient    : Discovery Client initialized at timestamp 1756339398432 with initial instances count: 0
2025-08-27T21:03:18.448-03:00  INFO 20304 --- [user-microserv] [           main] o.s.c.n.e.s.EurekaServiceRegistry        : Registering application USER-MICROSERV with eureka with status UP
2025-08-27T21:03:18.448-03:00  INFO 20304 --- [user-microserv] [           main] com.netflix.discovery.DiscoveryClient    : Saw local status change event StatusChangeEvent [timestamp=1756339398448, current=UP, previous=STARTING]
2025-08-27T21:03:18.448-03:00  INFO 20304 --- [user-microserv] [foReplicator-%d] com.netflix.discovery.DiscoveryClient    : DiscoveryClient_USER-MICROSERV/DESKTOP-617ISOQ:user-microserv:8083: registering service...
2025-08-27T21:03:18.463-03:00  INFO 20304 --- [user-microserv] [           main] com.user.UsuarioApplicationTests         : Started UsuarioApplicationTests in 8.149 seconds (process running for 9.73)
2025-08-27T21:03:18.496-03:00  INFO 20304 --- [user-microserv] [foReplicator-%d] com.netflix.discovery.DiscoveryClient    : DiscoveryClient_USER-MICROSERV/DESKTOP-617ISOQ:user-microserv:8083 - registration status: 204
]]></system-out>
  </testcase>
</testsuite>